./checker ""
Error
leaks[2167]: leaks cannot find any existing process you have access to which has a name like 'push_swap'; try running with `sudo`.
leaks[2167]: [fatal] mach port for process 0 not valid
--------------------------------------------------------------------
./checker " "
Error
leaks[2542]: leaks cannot find any existing process you have access to which has a name like 'push_swap'; try running with `sudo`.
leaks[2542]: [fatal] mach port for process 0 not valid
--------------------------------------------------------------------
./push_swap 1 2 3 4 | ./checker 1 2 3 4
Error
--------------------------------------------------------------------
./push_swap 1 |./checker 1
Error
--------------------------------------------------------------------
./push_swap +1 +3 +2 -4 | ./checker +1 +3 +2 -4
Error
--------------------------------------------------------------------
./checker 9999999999999 2 21
Error
leaks[4045]: leaks cannot find any existing process you have access to which has a name like 'push_swap'; try running with `sudo`.
leaks[4045]: [fatal] mach port for process 0 not valid
--------------------------------------------------------------------
./checker hola me llamo
Error
leaks[4420]: leaks cannot find any existing process you have access to which has a name like 'push_swap'; try running with `sudo`.
leaks[4420]: [fatal] mach port for process 0 not valid
--------------------------------------------------------------------
./checker " 4 "
Error
leaks[4797]: leaks cannot find any existing process you have access to which has a name like 'push_swap'; try running with `sudo`.
leaks[4797]: [fatal] mach port for process 0 not valid
--------------------------------------------------------------------
./checker ""
Error
leaks[5503]: leaks cannot find any existing process you have access to which has a name like 'push_swap'; try running with `sudo`.
leaks[5503]: [fatal] mach port for process 0 not valid
--------------------------------------------------------------------
./checker " "
Error
leaks[5508]: leaks cannot find any existing process you have access to which has a name like 'push_swap'; try running with `sudo`.
leaks[5508]: [fatal] mach port for process 0 not valid
--------------------------------------------------------------------
./push_swap 1 2 3 4 | ./checker 1 2 3 4
Error
--------------------------------------------------------------------
./push_swap 1 |./checker 1
Error
--------------------------------------------------------------------
./push_swap +1 +3 +2 -4 | ./checker +1 +3 +2 -4
Error
--------------------------------------------------------------------
./checker 9999999999999 2 21
Error
leaks[5525]: leaks cannot find any existing process you have access to which has a name like 'push_swap'; try running with `sudo`.
leaks[5525]: [fatal] mach port for process 0 not valid
--------------------------------------------------------------------
./checker hola me llamo
Error
leaks[5530]: leaks cannot find any existing process you have access to which has a name like 'push_swap'; try running with `sudo`.
leaks[5530]: [fatal] mach port for process 0 not valid
--------------------------------------------------------------------
./checker " 4 "
Error
leaks[5535]: leaks cannot find any existing process you have access to which has a name like 'push_swap'; try running with `sudo`.
leaks[5535]: [fatal] mach port for process 0 not valid
--------------------------------------------------------------------
./checker 1 c 2
Error
leaks[5540]: leaks cannot find any existing process you have access to which has a name like 'push_swap'; try running with `sudo`.
leaks[5540]: [fatal] mach port for process 0 not valid
--------------------------------------------------------------------
./push_swap -2147483648 | ./checker -2147483648
Error
--------------------------------------------------------------------
