./push_swap ""
Error
Process:         push_swap [1545]
Path:            /Volumes/VOLUME/*/push_swap
Load Address:    0x101bd7000
Identifier:      push_swap
Version:         ???
Code Type:       X86-64
Parent Process:  bash [1531]

Date/Time:       2023-08-26 12:52:24.629 +0200
Launch Time:     2023-08-26 12:52:24.488 +0200
OS Version:      Mac OS X 10.15.7 (19H15)
Report Version:  7
Analysis Tool:   /usr/bin/leaks
----

leaks Report Version: 4.0
Process 1545: 155 nodes malloced for 8 KB
Process 1545: 0 leaks for 0 total leaked bytes.

--------------------------------------------------------------------
./push_swap " "
Error
Process:         push_swap [1551]
Path:            /Volumes/VOLUME/*/push_swap
Load Address:    0x1078eb000
Identifier:      push_swap
Version:         ???
Code Type:       X86-64
Parent Process:  bash [1531]

Date/Time:       2023-08-26 12:52:24.794 +0200
Launch Time:     2023-08-26 12:52:24.659 +0200
OS Version:      Mac OS X 10.15.7 (19H15)
Report Version:  7
Analysis Tool:   /usr/bin/leaks
----

leaks Report Version: 4.0
Process 1551: 155 nodes malloced for 8 KB
Process 1551: 0 leaks for 0 total leaked bytes.

--------------------------------------------------------------------
./push_swap 1 2 3 4
Process:         push_swap [1557]
Path:            /Volumes/VOLUME/*/push_swap
Load Address:    0x1076b4000
Identifier:      push_swap
Version:         ???
Code Type:       X86-64
Parent Process:  bash [1531]

Date/Time:       2023-08-26 12:52:24.958 +0200
Launch Time:     2023-08-26 12:52:24.823 +0200
OS Version:      Mac OS X 10.15.7 (19H15)
Report Version:  7
Analysis Tool:   /usr/bin/leaks
----

leaks Report Version: 4.0
Process 1557: 155 nodes malloced for 8 KB
Process 1557: 0 leaks for 0 total leaked bytes.

--------------------------------------------------------------------
./push_swap 1
Process:         push_swap [1563]
Path:            /Volumes/VOLUME/*/push_swap
Load Address:    0x107abc000
Identifier:      push_swap
Version:         ???
Code Type:       X86-64
Parent Process:  bash [1531]

Date/Time:       2023-08-26 12:52:25.127 +0200
Launch Time:     2023-08-26 12:52:24.987 +0200
OS Version:      Mac OS X 10.15.7 (19H15)
Report Version:  7
Analysis Tool:   /usr/bin/leaks
----

leaks Report Version: 4.0
Process 1563: 155 nodes malloced for 8 KB
Process 1563: 0 leaks for 0 total leaked bytes.

--------------------------------------------------------------------
./push_swap +1 +3 +2 -4
pb
ra
sa
ra
pa
rra
Process:         push_swap [1569]
Path:            /Volumes/VOLUME/*/push_swap
Load Address:    0x103a0b000
Identifier:      push_swap
Version:         ???
Code Type:       X86-64
Parent Process:  bash [1531]

Date/Time:       2023-08-26 12:52:25.292 +0200
Launch Time:     2023-08-26 12:52:25.157 +0200
OS Version:      Mac OS X 10.15.7 (19H15)
Report Version:  7
Analysis Tool:   /usr/bin/leaks
----

leaks Report Version: 4.0
Process 1569: 155 nodes malloced for 8 KB
Process 1569: 0 leaks for 0 total leaked bytes.

--------------------------------------------------------------------
./push_swap 9999999999999 2 21
Error
Process:         push_swap [1575]
Path:            /Volumes/VOLUME/*/push_swap
Load Address:    0x10eef3000
Identifier:      push_swap
Version:         ???
Code Type:       X86-64
Parent Process:  bash [1531]

Date/Time:       2023-08-26 12:52:25.456 +0200
Launch Time:     2023-08-26 12:52:25.321 +0200
OS Version:      Mac OS X 10.15.7 (19H15)
Report Version:  7
Analysis Tool:   /usr/bin/leaks
----

leaks Report Version: 4.0
Process 1575: 155 nodes malloced for 8 KB
Process 1575: 0 leaks for 0 total leaked bytes.

--------------------------------------------------------------------
./push_swap hola me llamo
Error
Process:         push_swap [1581]
Path:            /Volumes/VOLUME/*/push_swap
Load Address:    0x105584000
Identifier:      push_swap
Version:         ???
Code Type:       X86-64
Parent Process:  bash [1531]

Date/Time:       2023-08-26 12:52:25.620 +0200
Launch Time:     2023-08-26 12:52:25.485 +0200
OS Version:      Mac OS X 10.15.7 (19H15)
Report Version:  7
Analysis Tool:   /usr/bin/leaks
----

leaks Report Version: 4.0
Process 1581: 155 nodes malloced for 8 KB
Process 1581: 0 leaks for 0 total leaked bytes.

--------------------------------------------------------------------
./push_swap " 4 "
Error
Process:         push_swap [1587]
Path:            /Volumes/VOLUME/*/push_swap
Load Address:    0x10ce0b000
Identifier:      push_swap
Version:         ???
Code Type:       X86-64
Parent Process:  bash [1531]

Date/Time:       2023-08-26 12:52:25.790 +0200
Launch Time:     2023-08-26 12:52:25.649 +0200
OS Version:      Mac OS X 10.15.7 (19H15)
Report Version:  7
Analysis Tool:   /usr/bin/leaks
----

leaks Report Version: 4.0
Process 1587: 155 nodes malloced for 8 KB
Process 1587: 0 leaks for 0 total leaked bytes.

--------------------------------------------------------------------
./push_swap 1 c 2
Error
Process:         push_swap [1593]
Path:            /Volumes/VOLUME/*/push_swap
Load Address:    0x10b6b6000
Identifier:      push_swap
Version:         ???
Code Type:       X86-64
Parent Process:  bash [1531]

Date/Time:       2023-08-26 12:52:25.972 +0200
Launch Time:     2023-08-26 12:52:25.835 +0200
OS Version:      Mac OS X 10.15.7 (19H15)
Report Version:  7
Analysis Tool:   /usr/bin/leaks
----

leaks Report Version: 4.0
Process 1593: 155 nodes malloced for 8 KB
Process 1593: 0 leaks for 0 total leaked bytes.

--------------------------------------------------------------------
./push_swap -2147483648
Process:         push_swap [1599]
Path:            /Volumes/VOLUME/*/push_swap
Load Address:    0x10fd56000
Identifier:      push_swap
Version:         ???
Code Type:       X86-64
Parent Process:  bash [1531]

Date/Time:       2023-08-26 12:52:26.137 +0200
Launch Time:     2023-08-26 12:52:26.001 +0200
OS Version:      Mac OS X 10.15.7 (19H15)
Report Version:  7
Analysis Tool:   /usr/bin/leaks
----

leaks Report Version: 4.0
Process 1599: 155 nodes malloced for 8 KB
Process 1599: 0 leaks for 0 total leaked bytes.

--------------------------------------------------------------------
